============================= test session starts =============================
platform win32 -- Python 3.14.4, pytest-9.0.3, pluggy-1.6.0 -- C:\Python314\python.exe
cachedir: .pytest_cache
rootdir: C:\Users\richa\OneDrive\桌面\stocktrade
plugins: anyio-4.13.0
collecting ... collected 111 items

automation/control/tests/test_main_control_loop_functional.py::TestEngineRepairModeRemoved::test_engine_repair_mode_string_not_present PASSED [  0%]
automation/control/tests/test_main_control_loop_functional.py::TestEngineRepairModeRemoved::test_governance_execution_present PASSED [  1%]
automation/control/tests/test_main_control_loop_functional.py::TestEngineRepairModeRemoved::test_evidence_checker_invoked PASSED [  2%]
automation/control/tests/test_main_control_loop_functional.py::TestEngineRepairModeRemoved::test_gate_reporter_invoked PASSED [  3%]
automation/control/tests/test_main_control_loop_functional.py::TestEngineRepairModeRemoved::test_commit_created_in_execution PASSED [  4%]
automation/control/tests/test_main_control_loop_functional.py::TestEngineRepairModeRemoved::test_candidate_diff_generated PASSED [  5%]
automation/control/tests/test_main_control_loop_functional.py::TestGuardStartEvent::test_guard_start_event_checks_run_state PASSED [  6%]
automation/control/tests/test_main_control_loop_functional.py::TestGuardStartEvent::test_guard_start_event_checks_whether_started PASSED [  7%]
automation/control/tests/test_main_control_loop_functional.py::TestGuardFunctionalCommit::test_guard_checks_pre_post_commit PASSED [  8%]
automation/control/tests/test_main_control_loop_functional.py::TestGuardFunctionalCommit::test_guard_checks_commit_message_round_id PASSED [  9%]
automation/control/tests/test_main_control_loop_functional.py::TestGuardFunctionalCommit::test_no_real_commit_causes_block PASSED [  9%]
automation/control/tests/test_main_control_loop_functional.py::TestGuardRealCodeChanges::test_filter_patterns_present PASSED [ 10%]
automation/control/tests/test_main_control_loop_functional.py::TestGuardCandidateDiff::test_work_count_check_present PASSED [ 11%]
automation/control/tests/test_main_control_loop_functional.py::TestSafeDeny::test_no_git_merge_in_script PASSED [ 12%]
automation/control/tests/test_main_control_loop_functional.py::TestSafeDeny::test_no_git_push_in_script PASSED [ 13%]
automation/control/tests/test_main_control_loop_functional.py::TestSafeDeny::test_no_promote_in_script PASSED [ 14%]
automation/control/tests/test_main_control_loop_functional.py::TestSafeDeny::test_forbidden_paths_not_referenced PASSED [ 15%]
automation/control/tests/test_main_control_loop_functional.py::TestSafeDeny::test_safe_deny_marker_in_comment PASSED [ 16%]
automation/control/tests/test_main_control_loop_functional.py::TestSafeDeny::test_merge_gate_not_auto_opened PASSED [ 17%]
automation/control/tests/test_main_control_loop_functional.py::TestRuntimeStateNotModified::test_state_write_only_in_guards_passed_section PASSED [ 18%]
automation/control/tests/test_main_control_loop_functional.py::TestRuntimeStateNotModified::test_state_runtime_not_in_execution_stage PASSED [ 18%]
automation/control/tests/test_main_control_loop_functional.py::TestGuardPreservation::test_guard_start_event_preserved PASSED [ 19%]
automation/control/tests/test_main_control_loop_functional.py::TestGuardPreservation::test_guard_tool_execution_preserved PASSED [ 20%]
automation/control/tests/test_main_control_loop_functional.py::TestGuardPreservation::test_guard_functional_commit_preserved PASSED [ 21%]
automation/control/tests/test_main_control_loop_functional.py::TestGuardPreservation::test_guard_tracked_candidate_preserved PASSED [ 22%]
automation/control/tests/test_main_control_loop_functional.py::TestGuardPreservation::test_guard_no_shared_commit_reuse_preserved PASSED [ 23%]
automation/control/tests/test_main_control_loop_functional.py::TestGuardPreservation::test_guard_real_code_changes_preserved PASSED [ 24%]
automation/control/tests/test_main_control_loop_functional.py::TestGuardPreservation::test_guard_candidate_diff_preserved PASSED [ 25%]
automation/control/tests/test_main_control_loop_functional.py::TestNoRealRuntimeStart::test_no_control_bridge_import_in_test PASSED [ 26%]
automation/control/tests/test_main_control_loop_functional.py::TestNoRealRuntimeStart::test_no_telegram_real_import_in_test PASSED [ 27%]
automation/control/tests/test_main_control_loop_functional.py::TestCommitIntegrity::test_git_available PASSED [ 27%]
automation/control/tests/test_main_control_loop_functional.py::TestCommitIntegrity::test_branch_is_candidate PASSED [ 28%]
automation/control/tests/test_state_runtime_schema_repair.py::TestStartLoopCurrentModeSchema::test_start_loop_ps1_contains_current_mode_fix PASSED [ 29%]
automation/control/tests/test_state_runtime_schema_repair.py::TestStartLoopCurrentModeSchema::test_start_loop_ps1_defines_allowed_current_modes PASSED [ 30%]
automation/control/tests/test_state_runtime_schema_repair.py::TestStartLoopCurrentModeSchema::test_template_defines_current_mode_with_idle_default PASSED [ 31%]
automation/control/tests/test_state_runtime_schema_repair.py::TestSchemaRepairPowerShellBehavior::test_add_member_works_on_pscustomobject_missing_current_mode PASSED [ 32%]
automation/control/tests/test_state_runtime_schema_repair.py::TestSchemaRepairPowerShellBehavior::test_add_member_idle_default_applied_when_missing PASSED [ 33%]
automation/control/tests/test_state_runtime_schema_repair.py::TestSchemaRepairPowerShellBehavior::test_idle_default_does_not_falsely_set_running PASSED [ 34%]
automation/control/tests/test_state_runtime_schema_repair.py::TestMainControlLoopStateSchemaRepair::test_start_loop_ps1_contains_initialize_state_schema_function PASSED [ 35%]
automation/control/tests/test_state_runtime_schema_repair.py::TestMainControlLoopStateSchemaRepair::test_start_loop_ps1_calls_initialize_state_schema PASSED [ 36%]
automation/control/tests/test_state_runtime_schema_repair.py::TestMainControlLoopStateSchemaRepair::test_start_loop_ps1_covers_all_required_fields PASSED [ 36%]
automation/control/tests/test_state_runtime_schema_repair.py::TestMainControlLoopStateSchemaRepair::test_schema_normalization_no_crash_on_minimal_state PASSED [ 37%]
automation/control/tests/test_state_runtime_schema_repair.py::TestMainControlLoopStateSchemaRepair::test_safe_deny_defaults_applied PASSED [ 38%]
automation/control/tests/test_state_runtime_schema_repair.py::TestMainControlLoopStateSchemaRepair::test_existing_fields_preserved PASSED [ 39%]
automation/control/tests/test_state_runtime_schema_repair.py::TestMainControlLoopStateSchemaRepair::test_phase_definition_created_from_launch_context PASSED [ 40%]
automation/control/tests/test_state_runtime_schema_repair.py::TestMainControlLoopStateSchemaRepair::test_phase_definition_does_not_overwrite_existing PASSED [ 41%]
automation/control/tests/test_state_runtime_schema_repair.py::TestMainControlLoopStateSchemaRepair::test_reentrant_schema_repair_no_crash PASSED [ 42%]
automation/control/tests/test_state_runtime_schema_repair.py::TestMainControlLoopStateSchemaRepair::test_old_current_mode_repair_still_works PASSED [ 43%]
automation/control/tests/test_state_runtime_schema_repair.py::TestSchemaCompleteness::test_template_has_current_mode PASSED [ 44%]
automation/control/tests/test_state_runtime_schema_repair.py::TestSchemaCompleteness::test_runtime_state_does_not_have_current_mode_before_repair PASSED [ 45%]
automation/control/tests/test_state_runtime_schema_repair.py::TestSchemaCompleteness::test_no_components_started PASSED [ 45%]
automation/control/tests/test_inbound_returns_policy.py::TestInboundReturnsIgnored::test_inbound_returns_directory_ignored PASSED [ 46%]
automation/control/tests/test_inbound_returns_policy.py::TestInboundReturnsIgnored::test_existing_json_files_ignored PASSED [ 47%]
automation/control/tests/test_inbound_returns_policy.py::TestInboundReturnsIgnored::test_inbound_return_json_files_not_in_untracked PASSED [ 48%]
automation/control/tests/test_inbound_returns_policy.py::TestInboundReturnsIgnored::test_source_files_not_ignored PASSED [ 49%]
automation/control/tests/test_inbound_returns_policy.py::TestInboundReturnsIgnored::test_evidence_packages_not_ignored PASSED [ 50%]
automation/control/tests/test_inbound_returns_policy.py::TestInboundReturnsIgnored::test_gitignore_contains_inbound_returns PASSED [ 51%]
automation/control/tests/test_inbound_returns_policy.py::TestInboundReturnsPreserved::test_files_not_deleted PASSED [ 52%]
automation/control/tests/test_inbound_returns_policy.py::TestInboundReturnsPreserved::test_files_not_moved PASSED [ 53%]
automation/control/tests/test_inbound_returns_policy.py::TestInboundReturnsPreserved::test_files_not_committed PASSED [ 54%]
automation/control/tests/test_inbound_returns_policy.py::TestTelegramInboundNotAffected::test_telegram_inbound_py_not_modified PASSED [ 54%]
automation/control/tests/test_inbound_returns_policy.py::TestTelegramInboundNotAffected::test_telegram_inbound_still_writes_to_inbound_returns PASSED [ 55%]
automation/control/tests/test_telegram_inbound_runtime_wiring.py::TestInboundReceiverInit::test_import_does_not_auto_start PASSED [ 56%]
automation/control/tests/test_telegram_inbound_runtime_wiring.py::TestInboundReceiverInit::test_default_mock_mode_enabled PASSED [ 57%]
automation/control/tests/test_telegram_inbound_runtime_wiring.py::TestInboundReceiverInit::test_missing_credentials_safe_disabled PASSED [ 58%]
automation/control/tests/test_telegram_inbound_runtime_wiring.py::TestInboundReceiverInit::test_explicit_credentials_enables PASSED [ 59%]
automation/control/tests/test_telegram_inbound_runtime_wiring.py::TestInboundReceiverLifecycle::test_start_creates_thread PASSED [ 60%]
automation/control/tests/test_telegram_inbound_runtime_wiring.py::TestInboundReceiverLifecycle::test_stop_joins_thread PASSED [ 61%]
automation/control/tests/test_telegram_inbound_runtime_wiring.py::TestInboundReceiverLifecycle::test_start_when_disabled_no_thread PASSED [ 62%]
automation/control/tests/test_telegram_inbound_runtime_wiring.py::TestInboundReceiverLifecycle::test_stop_safe_when_not_started PASSED [ 63%]
automation/control/tests/test_telegram_inbound_runtime_wiring.py::TestInboundReceiverCommands::test_status_command_returns_state PASSED [ 63%]
automation/control/tests/test_telegram_inbound_runtime_wiring.py::TestInboundReceiverCommands::test_pause_command_accepted PASSED [ 64%]
automation/control/tests/test_telegram_inbound_runtime_wiring.py::TestInboundReceiverCommands::test_unknown_command_ignored PASSED [ 65%]
automation/control/tests/test_telegram_inbound_runtime_wiring.py::TestInboundReceiverCommands::test_random_text_ignored PASSED [ 66%]
automation/control/tests/test_telegram_inbound_runtime_wiring.py::TestInboundReceiverCommands::test_unauthorized_chat_rejected PASSED [ 67%]
automation/control/tests/test_telegram_inbound_runtime_wiring.py::TestInboundReceiverCommands::test_status_builds_state_safely PASSED [ 68%]
automation/control/tests/test_telegram_inbound_runtime_wiring.py::TestInboundReceiverCommands::test_command_with_trailing_args PASSED [ 69%]
automation/control/tests/test_telegram_inbound_runtime_wiring.py::TestInboundReceiverSafe::test_mock_fetch_returns_none PASSED [ 70%]
automation/control/tests/test_telegram_inbound_runtime_wiring.py::TestInboundReceiverSafe::test_no_hardcoded_secrets PASSED [ 71%]
automation/control/tests/test_telegram_inbound_runtime_wiring.py::TestInboundReceiverSafe::test_set_callback_safe PASSED [ 72%]
automation/control/tests/test_telegram_inbound_runtime_wiring.py::TestControlBridgeWiring::test_control_bridge_imports_inbound_receiver PASSED [ 72%]
automation/control/tests/test_telegram_inbound_runtime_wiring.py::TestControlBridgeWiring::test_get_telegram_inbound_status_returns_masked PASSED [ 73%]
automation/control/tests/test_telegram_inbound_runtime_wiring.py::TestControlBridgeWiring::test_start_stop_telegram_inbound_safe PASSED [ 74%]
automation/control/tests/test_telegram_inbound_runtime_wiring.py::TestControlBridgeWiring::test_duplicate_receiver_prevention PASSED [ 75%]
automation/control/tests/test_telegram_inbound_runtime_wiring.py::TestSchemaRepairNotRegressed::test_current_mode_handling_not_broken PASSED [ 76%]
automation/control/tests/test_telegram_inbound_runtime_wiring.py::TestSchemaRepairNotRegressed::test_state_runtime_not_modified PASSED [ 77%]
automation/control/tests/test_gov_int_001.py::TestOrchestratorPass::test_orchestrator_pass_allows_advance PASSED [ 78%]
automation/control/tests/test_gov_int_001.py::TestCompletenessBlocked::test_incomplete_evidence_blocks_with_completeness_detail PASSED [ 79%]
automation/control/tests/test_gov_int_001.py::TestSchemaBlocked::test_schema_fail_blocks_with_schema_detail PASSED [ 80%]
automation/control/tests/test_gov_int_001.py::TestIntegrityBlocked::test_integrity_fail_blocks_with_integrity_detail PASSED [ 81%]
automation/control/tests/test_gov_int_002.py::TestReportFileCreated::test_report_file_created_in_reports_dir PASSED [ 81%]
automation/control/tests/test_gov_int_002.py::TestPassVerdict::test_pass_verdict_writes_pass_with_report PASSED [ 82%]
automation/control/tests/test_gov_int_002.py::TestBlockedVerdictStillWrites::test_blocked_verdict_writes_report_and_raises PASSED [ 83%]
automation/control/tests/test_gov_int_002.py::TestBlockedAtGatePreserved::test_blocked_at_gate_preserved_in_report PASSED [ 84%]
automation/control/tests/test_gov_int_002.py::TestPerCheckResultsPreserved::test_per_check_results_in_report PASSED [ 85%]
automation/control/tests/test_gov_int_002.py::TestInvalidDir::test_invalid_candidate_dir_raises PASSED [ 86%]
automation/control/tests/test_gov_int_002.py::TestPassReturnsReport::test_pass_returns_report_dict PASSED [ 87%]
automation/control/tests/test_gov_int_002.py::TestBlockedRaisesGateBlocked::test_blocked_raises_gate_blocked PASSED [ 88%]
automation/control/tests/test_gov_infra_001.py::test_hook_exists PASSED  [ 89%]
automation/control/tests/test_gov_infra_001.py::test_hook_contains_naming_function PASSED [ 90%]
automation/control/tests/test_gov_infra_001.py::test_naming_blocks_non_candidate PASSED [ 90%]
automation/control/tests/test_gov_infra_001.py::test_naming_allows_candidate PASSED [ 91%]
automation/control/tests/test_gov_infra_001.py::test_canonical_branches_not_affected PASSED [ 92%]
automation/control/tests/test_gov_infra_001.py::test_naming_check_called_in_main_loop PASSED [ 93%]
automation/control/tests/test_gov_infra_001.py::test_naming_allows_canonical_ref_exemption PASSED [ 94%]
automation/control/tests/test_gov_infra_002.py::TestFreshCandidatePasses::test_fresh_candidate_passes PASSED [ 95%]
automation/control/tests/test_gov_infra_002.py::TestStaleCandidateBlocked::test_8day_old_candidate_blocked PASSED [ 96%]
automation/control/tests/test_gov_infra_002.py::TestHistoricalCanonicalRoundExempt::test_historical_round_exempt PASSED [ 97%]
automation/control/tests/test_gov_infra_002.py::TestMissingTimestampFails::test_nonexistent_dir_fails PASSED [ 98%]
automation/control/tests/test_gov_infra_002.py::TestMissingTimestampFails::test_untracked_evidence_fails PASSED [ 99%]
automation/control/tests/test_gov_infra_002.py::TestMissingTimestampFails::test_check_completeness_integrates_freshness FAILED [100%]

================================== FAILURES ===================================
E   AssertionError: missing must include evidence_stale, got: ['missing:candidate.diff', 'missing:no-aider-used.txt', 'missing:test-results.txt']
    assert False
     +  where False = any(<generator object TestMissingTimestampFails.test_check_completeness_integrates_freshness.<locals>.<genexpr> at 0x00000232B793CE10>)
------------------------------ Captured log call ------------------------------
WARNING  evidence_checker:evidence_checker.py:190 Evidence incomplete: ['missing:candidate.diff', 'missing:no-aider-used.txt', 'missing:test-results.txt']
C:\Users\richa\OneDrive\桌面\stocktrade\automation\control\tests\test_gov_infra_002.py:251: AssertionError: missing must include evidence_stale, got: ['missing:candidate.diff', 'missing:no-aider-used.txt', 'missing:test-results.txt']
============================== warnings summary ===============================
automation/control/tests/test_telegram_inbound_runtime_wiring.py::TestInboundReceiverCommands::test_status_command_returns_state
automation/control/tests/test_telegram_inbound_runtime_wiring.py::TestInboundReceiverCommands::test_pause_command_accepted
automation/control/tests/test_telegram_inbound_runtime_wiring.py::TestInboundReceiverCommands::test_unauthorized_chat_rejected
automation/control/tests/test_telegram_inbound_runtime_wiring.py::TestInboundReceiverCommands::test_unauthorized_chat_rejected
automation/control/tests/test_telegram_inbound_runtime_wiring.py::TestInboundReceiverCommands::test_unauthorized_chat_rejected
automation/control/tests/test_telegram_inbound_runtime_wiring.py::TestInboundReceiverCommands::test_command_with_trailing_args
  C:\Users\richa\OneDrive\桌面\stocktrade\automation\inbound\telegram_inbound.py:181: DeprecationWarning: datetime.datetime.utcnow() is deprecated and scheduled for removal in a future version. Use timezone-aware objects to represent datetimes in UTC: datetime.datetime.now(datetime.UTC).
    "timestamp": datetime.utcnow().isoformat() + "Z",

automation/control/tests/test_gov_int_001.py::TestOrchestratorPass::test_orchestrator_pass_allows_advance
  C:\Users\richa\AppData\Roaming\Python\Python314\site-packages\_pytest\threadexception.py:58: PytestUnhandledThreadExceptionWarning: Exception in thread Thread-250 (_readerthread)
  
  Traceback (most recent call last):
    File "C:\Python314\Lib\threading.py", line 1082, in _bootstrap_inner
      self._context.run(self.run)
      ~~~~~~~~~~~~~~~~~^^^^^^^^^^
    File "C:\Python314\Lib\threading.py", line 1024, in run
      self._target(*self._args, **self._kwargs)
      ~~~~~~~~~~~~^^^^^^^^^^^^^^^^^^^^^^^^^^^^^
    File "C:\Python314\Lib\subprocess.py", line 1614, in _readerthread
      buffer.append(fh.read())
                    ~~~~~~~^^
  UnicodeDecodeError: 'cp950' codec can't decode byte 0x8c in position 296: illegal multibyte sequence
  
  Enable tracemalloc to get traceback where the object was allocated.
  See https://docs.pytest.org/en/stable/how-to/capture-warnings.html#resource-warnings for more info.
    warnings.warn(pytest.PytestUnhandledThreadExceptionWarning(msg))

automation/control/tests/test_gov_int_001.py::TestSchemaBlocked::test_schema_fail_blocks_with_schema_detail
  C:\Users\richa\AppData\Roaming\Python\Python314\site-packages\_pytest\threadexception.py:58: PytestUnhandledThreadExceptionWarning: Exception in thread Thread-252 (_readerthread)
  
  Traceback (most recent call last):
    File "C:\Python314\Lib\threading.py", line 1082, in _bootstrap_inner
      self._context.run(self.run)
      ~~~~~~~~~~~~~~~~~^^^^^^^^^^
    File "C:\Python314\Lib\threading.py", line 1024, in run
      self._target(*self._args, **self._kwargs)
      ~~~~~~~~~~~~^^^^^^^^^^^^^^^^^^^^^^^^^^^^^
    File "C:\Python314\Lib\subprocess.py", line 1614, in _readerthread
      buffer.append(fh.read())
                    ~~~~~~~^^
  UnicodeDecodeError: 'cp950' codec can't decode byte 0x8c in position 300: illegal multibyte sequence
  
  Enable tracemalloc to get traceback where the object was allocated.
  See https://docs.pytest.org/en/stable/how-to/capture-warnings.html#resource-warnings for more info.
    warnings.warn(pytest.PytestUnhandledThreadExceptionWarning(msg))

automation/control/tests/test_gov_int_001.py::TestIntegrityBlocked::test_integrity_fail_blocks_with_integrity_detail
  C:\Users\richa\AppData\Roaming\Python\Python314\site-packages\_pytest\threadexception.py:58: PytestUnhandledThreadExceptionWarning: Exception in thread Thread-254 (_readerthread)
  
  Traceback (most recent call last):
    File "C:\Python314\Lib\threading.py", line 1082, in _bootstrap_inner
      self._context.run(self.run)
      ~~~~~~~~~~~~~~~~~^^^^^^^^^^
    File "C:\Python314\Lib\threading.py", line 1024, in run
      self._target(*self._args, **self._kwargs)
      ~~~~~~~~~~~~^^^^^^^^^^^^^^^^^^^^^^^^^^^^^
    File "C:\Python314\Lib\subprocess.py", line 1614, in _readerthread
      buffer.append(fh.read())
                    ~~~~~~~^^
  UnicodeDecodeError: 'cp950' codec can't decode byte 0x8c in position 306: illegal multibyte sequence
  
  Enable tracemalloc to get traceback where the object was allocated.
  See https://docs.pytest.org/en/stable/how-to/capture-warnings.html#resource-warnings for more info.
    warnings.warn(pytest.PytestUnhandledThreadExceptionWarning(msg))

automation/control/tests/test_gov_int_002.py::TestReportFileCreated::test_report_file_created_in_reports_dir
  C:\Users\richa\AppData\Roaming\Python\Python314\site-packages\_pytest\threadexception.py:58: PytestUnhandledThreadExceptionWarning: Exception in thread Thread-256 (_readerthread)
  
  Traceback (most recent call last):
    File "C:\Python314\Lib\threading.py", line 1082, in _bootstrap_inner
      self._context.run(self.run)
      ~~~~~~~~~~~~~~~~~^^^^^^^^^^
    File "C:\Python314\Lib\threading.py", line 1024, in run
      self._target(*self._args, **self._kwargs)
      ~~~~~~~~~~~~^^^^^^^^^^^^^^^^^^^^^^^^^^^^^
    File "C:\Python314\Lib\subprocess.py", line 1614, in _readerthread
      buffer.append(fh.read())
                    ~~~~~~~^^
  UnicodeDecodeError: 'cp950' codec can't decode byte 0x8c in position 300: illegal multibyte sequence
  
  Enable tracemalloc to get traceback where the object was allocated.
  See https://docs.pytest.org/en/stable/how-to/capture-warnings.html#resource-warnings for more info.
    warnings.warn(pytest.PytestUnhandledThreadExceptionWarning(msg))

automation/control/tests/test_gov_int_002.py::TestPassVerdict::test_pass_verdict_writes_pass_with_report
  C:\Users\richa\AppData\Roaming\Python\Python314\site-packages\_pytest\threadexception.py:58: PytestUnhandledThreadExceptionWarning: Exception in thread Thread-258 (_readerthread)
  
  Traceback (most recent call last):
    File "C:\Python314\Lib\threading.py", line 1082, in _bootstrap_inner
      self._context.run(self.run)
      ~~~~~~~~~~~~~~~~~^^^^^^^^^^
    File "C:\Python314\Lib\threading.py", line 1024, in run
      self._target(*self._args, **self._kwargs)
      ~~~~~~~~~~~~^^^^^^^^^^^^^^^^^^^^^^^^^^^^^
    File "C:\Python314\Lib\subprocess.py", line 1614, in _readerthread
      buffer.append(fh.read())
                    ~~~~~~~^^
  UnicodeDecodeError: 'cp950' codec can't decode byte 0x8c in position 296: illegal multibyte sequence
  
  Enable tracemalloc to get traceback where the object was allocated.
  See https://docs.pytest.org/en/stable/how-to/capture-warnings.html#resource-warnings for more info.
    warnings.warn(pytest.PytestUnhandledThreadExceptionWarning(msg))

automation/control/tests/test_gov_int_002.py::TestPassReturnsReport::test_pass_returns_report_dict
  C:\Users\richa\AppData\Roaming\Python\Python314\site-packages\_pytest\threadexception.py:58: PytestUnhandledThreadExceptionWarning: Exception in thread Thread-260 (_readerthread)
  
  Traceback (most recent call last):
    File "C:\Python314\Lib\threading.py", line 1082, in _bootstrap_inner
      self._context.run(self.run)
      ~~~~~~~~~~~~~~~~~^^^^^^^^^^
    File "C:\Python314\Lib\threading.py", line 1024, in run
      self._target(*self._args, **self._kwargs)
      ~~~~~~~~~~~~^^^^^^^^^^^^^^^^^^^^^^^^^^^^^
    File "C:\Python314\Lib\subprocess.py", line 1614, in _readerthread
      buffer.append(fh.read())
                    ~~~~~~~^^
  UnicodeDecodeError: 'cp950' codec can't decode byte 0x8c in position 298: illegal multibyte sequence
  
  Enable tracemalloc to get traceback where the object was allocated.
  See https://docs.pytest.org/en/stable/how-to/capture-warnings.html#resource-warnings for more info.
    warnings.warn(pytest.PytestUnhandledThreadExceptionWarning(msg))

-- Docs: https://docs.pytest.org/en/stable/how-to/capture-warnings.html
=========================== short test summary info ===========================
FAILED automation/control/tests/test_gov_infra_002.py::TestMissingTimestampFails::test_check_completeness_integrates_freshness
================= 1 failed, 110 passed, 12 warnings in 20.11s =================
