============================= test session starts =============================
platform win32 -- Python 3.14.4, pytest-9.0.3, pluggy-1.6.0 -- C:\Python314\python.exe
cachedir: .pytest_cache
rootdir: C:\Users\richa\OneDrive\桌面\stocktrade
plugins: anyio-4.13.0, respx-0.23.1
collecting ... collected 130 items

tests/test_r038g_negative_fail_closed_tests.py::TestR038GReasonCodes::test_fail_closed_reason_codes_defined PASSED [  0%]
tests/test_r038g_negative_fail_closed_tests.py::TestR038GReasonCodes::test_stage_name_defined PASSED [  1%]
tests/test_r038g_negative_fail_closed_tests.py::TestR038GSuiteGeneration::test_get_fail_closed_tests_returns_list PASSED [  2%]
tests/test_r038g_negative_fail_closed_tests.py::TestR038GSuiteGeneration::test_all_tests_have_required_fields PASSED [  3%]
tests/test_r038g_negative_fail_closed_tests.py::TestR038GSuiteGeneration::test_run_fail_closed_tests_returns_suite PASSED [  3%]
tests/test_r038g_negative_fail_closed_tests.py::TestR038GSuiteGeneration::test_run_r038g_returns_dict PASSED [  4%]
tests/test_r038g_negative_fail_closed_tests.py::TestR038GInternalSuite::test_r038g_suite_runs_without_exception PASSED [  5%]
tests/test_r038g_negative_fail_closed_tests.py::TestR038GInternalSuite::test_r038g_all_results_have_id_and_passed PASSED [  6%]
tests/test_r038g_negative_fail_closed_tests.py::TestR038GInternalSuite::test_r038g_stages_covered PASSED [  6%]
tests/test_r038g_negative_fail_closed_tests.py::TestR038GInternalSuite::test_r038g_cross_stage_tests_present PASSED [  7%]
tests/test_r038g_negative_fail_closed_tests.py::TestR038GInternalSuite::test_r038g_valid_positive_cases_present PASSED [  8%]
tests/test_r038g_negative_fail_closed_tests.py::TestR038aFailClosedIndividual::test_r038a_missing_market_reality_snapshot PASSED [  9%]
tests/test_r038g_negative_fail_closed_tests.py::TestR038aFailClosedIndividual::test_r038a_missing_asof_timestamps PASSED [ 10%]
tests/test_r038g_negative_fail_closed_tests.py::TestR038aFailClosedIndividual::test_r038a_limit_updown_near_boundary PASSED [ 10%]
tests/test_r038g_negative_fail_closed_tests.py::TestR038aFailClosedIndividual::test_r038a_fill_probability_above_one PASSED [ 11%]
tests/test_r038g_negative_fail_closed_tests.py::TestR038aFailClosedIndividual::test_r038a_fill_probability_below_zero PASSED [ 12%]
tests/test_r038g_negative_fail_closed_tests.py::TestR038aFailClosedIndividual::test_r038a_negative_expected_net_rr PASSED [ 13%]
tests/test_r038g_negative_fail_closed_tests.py::TestR038aFailClosedIndividual::test_r038a_risk_gate_veto PASSED [ 13%]
tests/test_r038g_negative_fail_closed_tests.py::TestR038aFailClosedIndividual::test_r038a_halt_disposition_attention PASSED [ 14%]
tests/test_r038g_negative_fail_closed_tests.py::TestR038aFailClosedIndividual::test_r038a_fill_rejected PASSED [ 15%]
tests/test_r038g_negative_fail_closed_tests.py::TestR038aFailClosedIndividual::test_r038a_minimum_fee_unaware PASSED [ 16%]
tests/test_r038g_negative_fail_closed_tests.py::TestR038aFailClosedIndividual::test_r038a_liquidity_insufficiency PASSED [ 16%]
tests/test_r038g_negative_fail_closed_tests.py::TestR038aFailClosedIndividual::test_r038a_decision_before_tradable PASSED [ 17%]
tests/test_r038g_negative_fail_closed_tests.py::TestR038aFailClosedIndividual::test_r038a_oea_true_rejected PASSED [ 18%]
tests/test_r038g_negative_fail_closed_tests.py::TestR038aFailClosedIndividual::test_r038a_oea_result_preserved_false PASSED [ 19%]
tests/test_r038g_negative_fail_closed_tests.py::TestR038aFailClosedIndividual::test_r038a_fill_unfilled PASSED [ 20%]
tests/test_r038g_negative_fail_closed_tests.py::TestR038bFailClosedIndividual::test_r038b_l0_completely_missing PASSED [ 20%]
tests/test_r038g_negative_fail_closed_tests.py::TestR038bFailClosedIndividual::test_r038b_l0_gross_only_result PASSED [ 21%]
tests/test_r038g_negative_fail_closed_tests.py::TestR038bFailClosedIndividual::test_r038b_l0_insufficient_trade_count PASSED [ 22%]
tests/test_r038g_negative_fail_closed_tests.py::TestR038bFailClosedIndividual::test_r038b_l0_tradingview_only PASSED [ 23%]
tests/test_r038g_negative_fail_closed_tests.py::TestR038bFailClosedIndividual::test_r038b_l0_tradingview_with_compat_flags PASSED [ 23%]
tests/test_r038g_negative_fail_closed_tests.py::TestR038bFailClosedIndividual::test_r038b_l2_missing_random_seed PASSED [ 24%]
tests/test_r038g_negative_fail_closed_tests.py::TestR038bFailClosedIndividual::test_r038b_l2_pvalue_above_threshold PASSED [ 25%]
tests/test_r038g_negative_fail_closed_tests.py::TestR038bFailClosedIndividual::test_r038b_l4_trial_count_missing PASSED [ 26%]
tests/test_r038g_negative_fail_closed_tests.py::TestR038bFailClosedIndividual::test_r038b_l0_negative_net_of_cost_pnl PASSED [ 26%]
tests/test_r038g_negative_fail_closed_tests.py::TestR038bFailClosedIndividual::test_r038b_l0_max_drawdown_too_deep PASSED [ 27%]
tests/test_r038g_negative_fail_closed_tests.py::TestR038bFailClosedIndividual::test_r038b_l1_walkforward_missing_required_fields PASSED [ 28%]
tests/test_r038g_negative_fail_closed_tests.py::TestR038bFailClosedIndividual::test_r038b_l3_block_bootstrap_invalid PASSED [ 29%]
tests/test_r038g_negative_fail_closed_tests.py::TestR038bFailClosedIndividual::test_r038b_oea_true_rejected PASSED [ 30%]
tests/test_r038g_negative_fail_closed_tests.py::TestR038bFailClosedIndividual::test_r038b_oea_preserved_false PASSED [ 30%]
tests/test_r038g_negative_fail_closed_tests.py::TestR038cFailClosedIndividual::test_r038c_l5_completely_missing PASSED [ 31%]
tests/test_r038g_negative_fail_closed_tests.py::TestR038cFailClosedIndividual::test_r038c_l5_oos_gross_only PASSED [ 32%]
tests/test_r038g_negative_fail_closed_tests.py::TestR038cFailClosedIndividual::test_r038c_l5_training_overlap PASSED [ 33%]
tests/test_r038g_negative_fail_closed_tests.py::TestR038cFailClosedIndividual::test_r038c_l6_single_regime_only PASSED [ 33%]
tests/test_r038g_negative_fail_closed_tests.py::TestR038cFailClosedIndividual::test_r038c_l7_missing_purge_window PASSED [ 34%]
tests/test_r038g_negative_fail_closed_tests.py::TestR038cFailClosedIndividual::test_r038c_l8_raw_sharpe_only PASSED [ 35%]
tests/test_r038g_negative_fail_closed_tests.py::TestR038cFailClosedIndividual::test_r038c_l9_paper_duration_below_minimum PASSED [ 36%]
tests/test_r038g_negative_fail_closed_tests.py::TestR038cFailClosedIndividual::test_r038c_l9_live_order_path_present PASSED [ 36%]
tests/test_r038g_negative_fail_closed_tests.py::TestR038cFailClosedIndividual::test_r038c_l9_human_approval_missing PASSED [ 37%]
tests/test_r038g_negative_fail_closed_tests.py::TestR038cFailClosedIndividual::test_r038c_l5_oos_sharpe_below_threshold PASSED [ 38%]
tests/test_r038g_negative_fail_closed_tests.py::TestR038cFailClosedIndividual::test_r038c_l7_fold_count_insufficient PASSED [ 39%]
tests/test_r038g_negative_fail_closed_tests.py::TestR038cFailClosedIndividual::test_r038c_l8_adjusted_p_above_threshold PASSED [ 40%]
tests/test_r038g_negative_fail_closed_tests.py::TestR038dFailClosedIndividual::test_r038d_registry_missing_strategy_id PASSED [ 40%]
tests/test_r038g_negative_fail_closed_tests.py::TestR038dFailClosedIndividual::test_r038d_research_only_default_false PASSED [ 41%]
tests/test_r038g_negative_fail_closed_tests.py::TestR038dFailClosedIndividual::test_r038d_oea_true_in_registry PASSED [ 42%]
tests/test_r038g_negative_fail_closed_tests.py::TestR038dFailClosedIndividual::test_r038d_llm_approval_as_deterministic PASSED [ 43%]
tests/test_r038g_negative_fail_closed_tests.py::TestR038dFailClosedIndividual::test_r038d_downgrade_signal_ignored PASSED [ 43%]
tests/test_r038g_negative_fail_closed_tests.py::TestR038dFailClosedIndividual::test_r038d_strategy_id_mismatch PASSED [ 44%]
tests/test_r038g_negative_fail_closed_tests.py::TestR038dFailClosedIndividual::test_r038d_promotion_without_required_evidence_refs PASSED [ 45%]
tests/test_r038g_negative_fail_closed_tests.py::TestR038dFailClosedIndividual::test_r038d_current_stage_invalid PASSED [ 46%]
tests/test_r038g_negative_fail_closed_tests.py::TestR038eFailClosedIndividual::test_r038e_empty_metrics_bundle PASSED [ 46%]
tests/test_r038g_negative_fail_closed_tests.py::TestR038eFailClosedIndividual::test_r038e_gross_only_metrics_bundle PASSED [ 47%]
tests/test_r038g_negative_fail_closed_tests.py::TestR038eFailClosedIndividual::test_r038e_missing_net_of_cost_pnl PASSED [ 48%]
tests/test_r038g_negative_fail_closed_tests.py::TestR038eFailClosedIndividual::test_r038e_missing_cost_metrics PASSED [ 49%]
tests/test_r038g_negative_fail_closed_tests.py::TestR038eFailClosedIndividual::test_r038e_missing_slippage_metrics PASSED [ 50%]
tests/test_r038g_negative_fail_closed_tests.py::TestR038eFailClosedIndividual::test_r038e_missing_fill_metrics PASSED [ 50%]
tests/test_r038g_negative_fail_closed_tests.py::TestR038eFailClosedIndividual::test_r038e_missing_tail_risk_metrics PASSED [ 51%]
tests/test_r038g_negative_fail_closed_tests.py::TestR038eFailClosedIndividual::test_r038e_missing_taiwan_constraints_flag PASSED [ 52%]
tests/test_r038g_negative_fail_closed_tests.py::TestR038fFailClosedIndividual::test_r038f_p_hat_missing PASSED [ 53%]
tests/test_r038g_negative_fail_closed_tests.py::TestR038fFailClosedIndividual::test_r038f_empty_market_reality_snapshot PASSED [ 53%]
tests/test_r038g_negative_fail_closed_tests.py::TestR038fFailClosedIndividual::test_r038f_raw_confidence_not_used_false PASSED [ 54%]
tests/test_r038g_negative_fail_closed_tests.py::TestR038fFailClosedIndividual::test_r038f_broker_api_veto PASSED [ 55%]
tests/test_r038g_negative_fail_closed_tests.py::TestR038fFailClosedIndividual::test_r038f_taiwan_price_limit_violation PASSED [ 56%]
tests/test_r038g_negative_fail_closed_tests.py::TestR038fFailClosedIndividual::test_r038f_fill_probability_below_threshold PASSED [ 56%]
tests/test_r038g_negative_fail_closed_tests.py::TestR038fFailClosedIndividual::test_r038f_regime_uncertainty_exceeds PASSED [ 57%]
tests/test_r038g_negative_fail_closed_tests.py::TestR038fFailClosedIndividual::test_r038f_oea_true PASSED [ 58%]
tests/test_r038g_negative_fail_closed_tests.py::TestR038fFailClosedIndividual::test_r038f_negative_net_edge PASSED [ 59%]
tests/test_r038g_negative_fail_closed_tests.py::TestR038fFailClosedIndividual::test_r038f_low_expected_net_rr PASSED [ 60%]
tests/test_r038g_negative_fail_closed_tests.py::TestR038fFailClosedIndividual::test_r038f_missing_calibration_contract PASSED [ 60%]
tests/test_r038g_negative_fail_closed_tests.py::TestR038fFailClosedIndividual::test_r038f_stale_calibration PASSED [ 61%]
tests/test_r038g_negative_fail_closed_tests.py::TestMutationStyleFailClosed::test_mutate_r038a_valid_snapshot_corrupt_cost_version PASSED [ 62%]
tests/test_r038g_negative_fail_closed_tests.py::TestMutationStyleFailClosed::test_mutate_r038a_valid_corrupt_slippage_version PASSED [ 63%]
tests/test_r038g_negative_fail_closed_tests.py::TestMutationStyleFailClosed::test_mutate_r038a_valid_corrupt_liquidity_score PASSED [ 63%]
tests/test_r038g_negative_fail_closed_tests.py::TestMutationStyleFailClosed::test_mutate_r038a_valid_corrupt_market_session PASSED [ 64%]
tests/test_r038g_negative_fail_closed_tests.py::TestMutationStyleFailClosed::test_mutate_r038b_valid_l0_corrupt_cost_model PASSED [ 65%]
tests/test_r038g_negative_fail_closed_tests.py::TestMutationStyleFailClosed::test_mutate_r038b_valid_l0_corrupt_slippage_model PASSED [ 66%]
tests/test_r038g_negative_fail_closed_tests.py::TestMutationStyleFailClosed::test_mutate_r038b_valid_l0_corrupt_max_drawdown PASSED [ 66%]
tests/test_r038g_negative_fail_closed_tests.py::TestMutationStyleFailClosed::test_mutate_r038b_valid_l0_corrupt_replay_compatible PASSED [ 67%]
tests/test_r038g_negative_fail_closed_tests.py::TestMutationStyleFailClosed::test_mutate_r038b_valid_l0_corrupt_risk_gate_compatible PASSED [ 68%]
tests/test_r038g_negative_fail_closed_tests.py::TestMutationStyleFailClosed::test_mutate_r038c_valid_l5_corrupt_cost_model PASSED [ 69%]
tests/test_r038g_negative_fail_closed_tests.py::TestMutationStyleFailClosed::test_mutate_r038c_valid_l6_corrupt_regime_labels PASSED [ 70%]
tests/test_r038g_negative_fail_closed_tests.py::TestMutationStyleFailClosed::test_mutate_r038c_valid_l7_corrupt_purge_window PASSED [ 70%]
tests/test_r038g_negative_fail_closed_tests.py::TestMutationStyleFailClosed::test_mutate_r038c_valid_l8_corrupt_psr PASSED [ 71%]
tests/test_r038g_negative_fail_closed_tests.py::TestMutationStyleFailClosed::test_mutate_r038c_valid_l9_corrupt_paper_trade_count PASSED [ 72%]
tests/test_r038g_negative_fail_closed_tests.py::TestMutationStyleFailClosed::test_mutate_r038d_valid_registry_corrupt_source_commit PASSED [ 73%]
tests/test_r038g_negative_fail_closed_tests.py::TestMutationStyleFailClosed::test_mutate_r038d_valid_registry_corrupt_audit_trail PASSED [ 73%]
tests/test_r038g_negative_fail_closed_tests.py::TestMutationStyleFailClosed::test_mutate_r038e_valid_metrics_corrupt_slippage_drift PASSED [ 74%]
tests/test_r038g_negative_fail_closed_tests.py::TestMutationStyleFailClosed::test_mutate_r038f_valid_nea_corrupt_brier_score PASSED [ 75%]
tests/test_r038g_negative_fail_closed_tests.py::TestMutationStyleFailClosed::test_mutate_r038f_valid_nea_corrupt_calibration_version PASSED [ 76%]
tests/test_r038g_negative_fail_closed_tests.py::TestMutationStyleFailClosed::test_mutate_r038a_expected_cost_negative PASSED [ 76%]
tests/test_r038g_negative_fail_closed_tests.py::TestCrossStageIntegration::test_cross_r038a_then_r038b_both_fail_on_invalid PASSED [ 77%]
tests/test_r038g_negative_fail_closed_tests.py::TestCrossStageIntegration::test_cross_r038b_then_r038c_chain PASSED [ 78%]
tests/test_r038g_negative_fail_closed_tests.py::TestCrossStageIntegration::test_cross_r038c_then_r038d_chain PASSED [ 79%]
tests/test_r038g_negative_fail_closed_tests.py::TestCrossStageIntegration::test_cross_r038d_then_r038e_chain PASSED [ 80%]
tests/test_r038g_negative_fail_closed_tests.py::TestCrossStageIntegration::test_cross_r038e_then_r038f_chain PASSED [ 80%]
tests/test_r038g_negative_fail_closed_tests.py::TestCrossStageIntegration::test_cross_r038a_through_r038f_full_pipeline_invalid PASSED [ 81%]
tests/test_r038g_negative_fail_closed_tests.py::TestCrossStageIntegration::test_cross_r038a_through_r038f_full_pipeline_valid_reaches_r038f PASSED [ 82%]
tests/test_r038g_negative_fail_closed_tests.py::TestCrossStageIntegration::test_cross_r038b_and_r038c_combined PASSED [ 83%]
tests/test_r038g_negative_fail_closed_tests.py::TestCrossStageIntegration::test_cross_r038d_and_r038e_combined PASSED [ 83%]
tests/test_r038g_negative_fail_closed_tests.py::TestCrossStageIntegration::test_cross_missing_r038a_ref_fails_r038e PASSED [ 84%]
tests/test_r038g_negative_fail_closed_tests.py::TestCrossStageIntegration::test_cross_missing_r038b_ref_fails_r038e PASSED [ 85%]
tests/test_r038g_negative_fail_closed_tests.py::TestCrossStageIntegration::test_cross_missing_r038c_ref_fails_r038e PASSED [ 86%]
tests/test_r038g_negative_fail_closed_tests.py::TestCrossStageIntegration::test_cross_missing_r038d_ref_fails_r038e PASSED [ 86%]
tests/test_r038g_negative_fail_closed_tests.py::TestCrossStageIntegration::test_cross_invalid_r038a_blocks_entire_pipeline PASSED [ 87%]
tests/test_r038g_negative_fail_closed_tests.py::TestCrossStageIntegration::test_cross_valid_r038a_r038e_should_not_block_on_r038f_missing_optional PASSED [ 88%]
tests/test_r038g_negative_fail_closed_tests.py::TestCICDIntegration::test_cicd_validate_r038g_method_exists PASSED [ 89%]
tests/test_r038g_negative_fail_closed_tests.py::TestCICDIntegration::test_cicd_run_r038g_stage_returns_suite PASSED [ 90%]
tests/test_r038g_negative_fail_closed_tests.py::TestCICDIntegration::test_cicd_run_pipeline_with_r038g_stage_type PASSED [ 90%]
tests/test_r038g_negative_fail_closed_tests.py::TestCICDIntegration::test_cicd_run_pipeline_with_missing_input_returns_fail_closed PASSED [ 91%]
tests/test_r038g_negative_fail_closed_tests.py::TestCICDIntegration::test_cicd_run_pipeline_with_unknown_stage_type_returns_fail_closed PASSED [ 92%]
tests/test_r038g_negative_fail_closed_tests.py::TestCICDIntegration::test_cicd_r038g_stage_name_constant_correct PASSED [ 93%]
tests/test_r038g_negative_fail_closed_tests.py::TestOEAInvariantStrict::test_oea_r038g_suite_enforces_oea_false PASSED [ 93%]
tests/test_r038g_negative_fail_closed_tests.py::TestOEAInvariantStrict::test_oea_r038a_result_preserved_false PASSED [ 94%]
tests/test_r038g_negative_fail_closed_tests.py::TestOEAInvariantStrict::test_oea_r038b_result_preserved_false PASSED [ 95%]
tests/test_r038g_negative_fail_closed_tests.py::TestOEAInvariantStrict::test_oea_cross_stage_result_preserved_false PASSED [ 96%]
tests/test_r038g_negative_fail_closed_tests.py::TestCrossStageFailClosed::test_cicd_pipeline_integration PASSED [ 96%]
tests/test_r038g_negative_fail_closed_tests.py::TestCrossStageFailClosed::test_r038g_result_dict_integrates PASSED [ 97%]
tests/test_r038g_negative_fail_closed_tests.py::TestOEAInvariant::test_all_fail_closed_stages_reject_oea_false PASSED [ 98%]
tests/test_r038g_negative_fail_closed_tests.py::TestOEAInvariant::test_r038g_test_suite_has_stages_r038a_through_r038f PASSED [ 99%]
tests/test_r038g_negative_fail_closed_tests.py::TestOEAInvariant::test_r038g_test_suite_stage_r038g PASSED [100%]

============================= 130 passed in 0.22s =============================
