R035 test results for modules/decision_prechecklist/verification_framework.py
Test file: tests/test_verification_framework.py
Command: python -m pytest tests/test_verification_framework.py -v --tb=short
Date: 2026-05-27

RESULTS:
============================= test session starts =============================
platform win32 -- Python 3.14.4, pytest-9.0.3
collected 11 items

tests/test_verification_framework.py::test_runner_initialization PASSED
tests/test_verification_framework.py::test_runner_add_and_run PASSED
tests/test_verification_framework.py::test_runner_all_pass PASSED
tests/test_verification_framework.py::test_runner_exception_handling PASSED
tests/test_verification_framework.py::test_verification_suite_result_properties PASSED
tests/test_verification_framework.py::test_verification_check PASSED
tests/test_verification_framework.py::test_stress_test_engine PASSED
tests/test_verification_framework.py::test_stress_test_with_failures PASSED
tests/test_verification_framework.py::test_stress_test_exception_handling PASSED
tests/test_verification_framework.py::test_stress_test_metrics PASSED
tests/test_verification_framework.py::test_runner_with_empty_checks PASSED

============================= 11 passed in 0.11s =============================

All 11 tests PASS.
