============================= test session starts =============================
platform win32 -- Python 3.14.4, pytest-9.0.3, pluggy-1.6.0 -- C:\Python314\python.exe
cachedir: .pytest_cache
rootdir: C:\Users\richa\OneDrive\桌面\stocktrade
plugins: anyio-4.13.0
collecting ... collected 100 items

automation/control/tests/test_final_dry_run_readiness.py::test_dry_run_returns_not_ready_when_untracked_paths_exist PASSED [  1%]
automation/control/tests/test_final_dry_run_readiness.py::test_dry_run_checks_local_remote_head PASSED [  2%]
automation/control/tests/test_final_dry_run_readiness.py::test_dry_run_detects_head_mismatch PASSED [  3%]
automation/control/tests/test_final_dry_run_readiness.py::test_dry_run_checks_tracked_clean PASSED [  4%]
automation/control/tests/test_final_dry_run_readiness.py::test_dry_run_verifies_telegram_inbound_readiness PASSED [  5%]
automation/control/tests/test_final_dry_run_readiness.py::test_dry_run_verifies_undefined_round_gate PASSED [  6%]
automation/control/tests/test_final_dry_run_readiness.py::test_dry_run_verifies_usage_exhaustion_notify PASSED [  7%]
automation/control/tests/test_final_dry_run_readiness.py::test_dry_run_verifies_all_6_notification_types PASSED [  8%]
automation/control/tests/test_final_dry_run_readiness.py::test_dry_run_verifies_kill_switch PASSED [  9%]
automation/control/tests/test_final_dry_run_readiness.py::test_dry_run_does_not_dispatch_construction PASSED [ 10%]
automation/control/tests/test_final_dry_run_readiness.py::test_dry_run_does_not_create_candidate PASSED [ 11%]
automation/control/tests/test_final_dry_run_readiness.py::test_dry_run_does_not_commit_merge_push PASSED [ 12%]
automation/control/tests/test_final_dry_run_readiness.py::test_dry_run_does_not_send_real_telegram_http PASSED [ 13%]
automation/control/tests/test_final_dry_run_readiness.py::test_dry_run_emits_machine_readable_json_report PASSED [ 14%]
automation/control/tests/test_final_dry_run_readiness.py::test_dry_run_emits_chatgpt_readable_summary PASSED [ 15%]
automation/control/tests/test_final_dry_run_readiness.py::test_dry_run_report_contains_all_required_fields PASSED [ 16%]
automation/control/tests/test_final_dry_run_readiness.py::test_dry_run_checks_prior_batches PASSED [ 17%]
automation/control/tests/test_final_dry_run_readiness.py::test_dry_run_secrets_not_exposed PASSED [ 18%]
automation/control/tests/test_final_dry_run_readiness.py::test_dry_run_returns_not_ready_when_blockers PASSED [ 19%]
automation/control/tests/test_final_dry_run_readiness.py::test_mock_mode_no_real_api_calls PASSED [ 20%]
automation/control/tests/test_final_dry_run_readiness.py::test_dry_run_does_not_touch_forbidden_paths PASSED [ 21%]
automation/control/tests/test_final_dry_run_readiness.py::test_dry_run_round_trip_json PASSED [ 22%]
automation/control/tests/test_usage_exhaustion_pause_notify.py::TestTelegramNotifierMockMode::test_pause_notification_mock PASSED [ 23%]
automation/control/tests/test_usage_exhaustion_pause_notify.py::TestTelegramNotifierMockMode::test_stall_warning_mock PASSED [ 24%]
automation/control/tests/test_usage_exhaustion_pause_notify.py::TestTelegramNotifierMockMode::test_failure_warning_mock PASSED [ 25%]
automation/control/tests/test_usage_exhaustion_pause_notify.py::TestTelegramNotifierMockMode::test_usage_exhausted_notification_mock PASSED [ 26%]
automation/control/tests/test_usage_exhaustion_pause_notify.py::TestTelegramNotifierMockMode::test_blocked_notification_mock PASSED [ 27%]
automation/control/tests/test_usage_exhaustion_pause_notify.py::TestTelegramNotifierMockMode::test_blocked_notification_no_reason PASSED [ 28%]
automation/control/tests/test_usage_exhaustion_pause_notify.py::TestTelegramNotifierMockMode::test_awaiting_instruction_notification_mock PASSED [ 29%]
automation/control/tests/test_usage_exhaustion_pause_notify.py::TestTelegramNotifierMockMode::test_undefined_round_blocked_notification_mock PASSED [ 30%]
automation/control/tests/test_usage_exhaustion_pause_notify.py::TestTelegramNotifierMockMode::test_notifier_disabled_skips PASSED [ 31%]
automation/control/tests/test_usage_exhaustion_pause_notify.py::TestTelegramNotifierMockMode::test_log_accumulation PASSED [ 32%]
automation/control/tests/test_usage_exhaustion_pause_notify.py::TestUsageExhaustionDetection::test_not_exhausted_by_default PASSED [ 33%]
automation/control/tests/test_usage_exhaustion_pause_notify.py::TestUsageExhaustionDetection::test_exhausted_after_exhaust PASSED [ 34%]
automation/control/tests/test_usage_exhaustion_pause_notify.py::TestUsageExhaustionDetection::test_clear_removes_exhaustion PASSED [ 35%]
automation/control/tests/test_usage_exhaustion_pause_notify.py::TestUsageExhaustionDetection::test_double_clear_safe PASSED [ 36%]
automation/control/tests/test_usage_exhaustion_pause_notify.py::TestUsageExhaustionDetection::test_sentinel_path_is_dotfile PASSED [ 37%]
automation/control/tests/test_usage_exhaustion_pause_notify.py::TestUsageExhaustionDetection::test_sentinel_content PASSED [ 38%]
automation/control/tests/test_usage_exhaustion_pause_notify.py::TestUsageExhaustionDetection::test_exhausted_from_different_instance PASSED [ 39%]
automation/control/tests/test_usage_exhaustion_pause_notify.py::TestAutoAdvanceNotifyMethods::test_notify_usage_exhausted_sets_pause PASSED [ 40%]
automation/control/tests/test_usage_exhaustion_pause_notify.py::TestAutoAdvanceNotifyMethods::test_notify_usage_exhausted_logs_notification PASSED [ 41%]
automation/control/tests/test_usage_exhaustion_pause_notify.py::TestAutoAdvanceNotifyMethods::test_notify_undefined_round_blocked_logs PASSED [ 42%]
automation/control/tests/test_usage_exhaustion_pause_notify.py::TestAPIAutoModeLoopUsageExhaustion::test_not_paused_when_not_exhausted PASSED [ 43%]
automation/control/tests/test_usage_exhaustion_pause_notify.py::TestAPIAutoModeLoopUsageExhaustion::test_paused_when_exhausted PASSED [ 44%]
automation/control/tests/test_usage_exhaustion_pause_notify.py::TestAPIAutoModeLoopUsageExhaustion::test_cleared_exhaustion_does_not_pause PASSED [ 45%]
automation/control/tests/test_usage_exhaustion_pause_notify.py::TestAPIAutoModeLoopUsageExhaustion::test_exhaustion_notification_sent PASSED [ 46%]
automation/control/tests/test_usage_exhaustion_pause_notify.py::TestUndefinedRoundGateNotifies::test_can_auto_advance_notifies_on_undefined PASSED [ 47%]
automation/control/tests/test_usage_exhaustion_pause_notify.py::TestUndefinedRoundGateNotifies::test_can_dispatch_next_round_notifies_on_undefined PASSED [ 48%]
automation/control/tests/test_usage_exhaustion_pause_notify.py::TestUndefinedRoundGateNotifies::test_defined_round_does_not_notify PASSED [ 49%]
automation/control/tests/test_usage_exhaustion_pause_notify.py::TestTelegramNotifierEdgeCases::test_no_sender_no_crash PASSED [ 50%]
automation/control/tests/test_usage_exhaustion_pause_notify.py::TestTelegramNotifierEdgeCases::test_clear_log PASSED [ 51%]
automation/control/tests/test_blocker_undefined_round.py::TestIsRoundDefined::test_none_is_undefined PASSED [ 52%]
automation/control/tests/test_blocker_undefined_round.py::TestIsRoundDefined::test_empty_string_is_undefined PASSED [ 53%]
automation/control/tests/test_blocker_undefined_round.py::TestIsRoundDefined::test_none_string_is_undefined PASSED [ 54%]
automation/control/tests/test_blocker_undefined_round.py::TestIsRoundDefined::test_none_lowercase_is_undefined PASSED [ 55%]
automation/control/tests/test_blocker_undefined_round.py::TestIsRoundDefined::test_undefined_literal_is_undefined PASSED [ 56%]
automation/control/tests/test_blocker_undefined_round.py::TestIsRoundDefined::test_law_undefined_is_undefined PASSED [ 57%]
automation/control/tests/test_blocker_undefined_round.py::TestIsRoundDefined::test_whitespace_is_undefined PASSED [ 58%]
automation/control/tests/test_blocker_undefined_round.py::TestIsRoundDefined::test_blocker_g_is_defined PASSED [ 59%]
automation/control/tests/test_blocker_undefined_round.py::TestIsRoundDefined::test_blocker_e_is_defined PASSED [ 60%]
automation/control/tests/test_blocker_undefined_round.py::TestIsRoundDefined::test_auto_advance_operational_is_defined PASSED [ 61%]
automation/control/tests/test_blocker_undefined_round.py::TestCanAutoAdvanceUndefinedRoundGate::test_none_round_blocked PASSED [ 62%]
automation/control/tests/test_blocker_undefined_round.py::TestCanAutoAdvanceUndefinedRoundGate::test_empty_round_blocked PASSED [ 63%]
automation/control/tests/test_blocker_undefined_round.py::TestCanAutoAdvanceUndefinedRoundGate::test_none_string_round_blocked PASSED [ 64%]
automation/control/tests/test_blocker_undefined_round.py::TestCanAutoAdvanceUndefinedRoundGate::test_law_undefined_round_blocked PASSED [ 65%]
automation/control/tests/test_blocker_undefined_round.py::TestCanAutoAdvanceUndefinedRoundGate::test_defined_round_not_blocked PASSED [ 66%]
automation/control/tests/test_blocker_undefined_round.py::TestCanDispatchNextRoundUndefinedGate::test_none_round_blocked PASSED [ 67%]
automation/control/tests/test_blocker_undefined_round.py::TestCanDispatchNextRoundUndefinedGate::test_empty_round_blocked PASSED [ 68%]
automation/control/tests/test_blocker_undefined_round.py::TestCanDispatchNextRoundUndefinedGate::test_none_string_round_blocked PASSED [ 69%]
automation/control/tests/test_blocker_undefined_round.py::TestCanDispatchNextRoundUndefinedGate::test_law_undefined_round_blocked PASSED [ 70%]
automation/control/tests/test_blocker_undefined_round.py::TestCanDispatchNextRoundUndefinedGate::test_defined_round_not_blocked PASSED [ 71%]
automation/control/tests/test_blocker_undefined_round.py::TestDispatchNextRoundUndefinedGate::test_none_round_no_scaffold PASSED [ 72%]
automation/control/tests/test_blocker_undefined_round.py::TestDispatchNextRoundUndefinedGate::test_empty_round_no_scaffold PASSED [ 73%]
automation/control/tests/test_blocker_undefined_round.py::TestDispatchNextRoundUndefinedGate::test_none_string_no_scaffold PASSED [ 74%]
automation/control/tests/test_blocker_undefined_round.py::TestDispatchNextRoundUndefinedGate::test_law_undefined_no_scaffold PASSED [ 75%]
automation/control/tests/test_blocker_undefined_round.py::TestDispatchNextRoundUndefinedGate::test_defined_round_creates_scaffold PASSED [ 76%]
automation/control/tests/test_blocker_undefined_round.py::TestControlBridgeIsRoundDefined::test_none_is_undefined PASSED [ 77%]
automation/control/tests/test_blocker_undefined_round.py::TestControlBridgeIsRoundDefined::test_empty_string_is_undefined PASSED [ 78%]
automation/control/tests/test_blocker_undefined_round.py::TestControlBridgeIsRoundDefined::test_none_string_is_undefined PASSED [ 79%]
automation/control/tests/test_blocker_undefined_round.py::TestControlBridgeIsRoundDefined::test_none_lowercase_is_undefined PASSED [ 80%]
automation/control/tests/test_blocker_undefined_round.py::TestControlBridgeIsRoundDefined::test_undefined_literal_is_undefined PASSED [ 81%]
automation/control/tests/test_blocker_undefined_round.py::TestControlBridgeIsRoundDefined::test_law_undefined_is_undefined PASSED [ 82%]
automation/control/tests/test_blocker_undefined_round.py::TestControlBridgeIsRoundDefined::test_whitespace_is_undefined PASSED [ 83%]
automation/control/tests/test_blocker_undefined_round.py::TestControlBridgeIsRoundDefined::test_blocker_g_is_defined PASSED [ 84%]
automation/control/tests/test_blocker_undefined_round.py::TestControlBridgeIsRoundDefined::test_blocker_e_is_defined PASSED [ 85%]
automation/control/tests/test_inbound_receiver_wiring_fix.py::test_status_command_returns_state PASSED [ 86%]
automation/control/tests/test_inbound_receiver_wiring_fix.py::test_unauthorized_chat_rejected PASSED [ 87%]
automation/control/tests/test_inbound_receiver_wiring_fix.py::test_authorized_chat_pause_accepted PASSED [ 88%]
automation/control/tests/test_inbound_receiver_wiring_fix.py::test_authorized_chat_status_accepted PASSED [ 89%]
automation/control/tests/test_inbound_receiver_wiring_fix.py::test_undefined_round_start_blocked PASSED [ 90%]
automation/control/tests/test_inbound_receiver_wiring_fix.py::test_mock_mode_no_real_api_calls PASSED [ 91%]
automation/control/tests/test_inbound_receiver_wiring_fix.py::test_unknown_command_ignored PASSED [ 92%]
automation/control/tests/test_inbound_receiver_wiring_fix.py::test_random_text_ignored PASSED [ 93%]
automation/control/tests/test_inbound_receiver_wiring_fix.py::test_no_hardcoded_secrets_in_source PASSED [ 94%]
automation/control/tests/test_inbound_receiver_wiring_fix.py::test_authorized_commands_parametrized[/pause-/pause] PASSED [ 95%]
automation/control/tests/test_inbound_receiver_wiring_fix.py::test_authorized_commands_parametrized[/status-/status] PASSED [ 96%]
automation/control/tests/test_inbound_receiver_wiring_fix.py::test_authorized_commands_parametrized[/unknown-None] PASSED [ 97%]
automation/control/tests/test_inbound_receiver_wiring_fix.py::test_command_with_trailing_args PASSED [ 98%]
automation/control/tests/test_inbound_receiver_wiring_fix.py::test_status_with_trailing_args PASSED [ 99%]
automation/control/tests/test_inbound_receiver_wiring_fix.py::test_commands_case_insensitive_lower PASSED [100%]

============================ 100 passed in 17.27s =============================
