============================= test session starts =============================
platform win32 -- Python 3.14.4, pytest-9.0.3, pluggy-1.6.0 -- C:\Python314\python.exe
cachedir: .pytest_cache
rootdir: C:\Users\richa\OneDrive\桌面\stocktrade
plugins: anyio-4.13.0
collecting ... collected 157 items

tests/test_r006_health_monitor_if_true_regression.py::TestR006HealthMonitorNoFakeImplementation::test_no_if_true_in_source PASSED [  0%]
tests/test_r006_health_monitor_if_true_regression.py::TestR006HealthCheckProbeBased::test_broker_probe_success_returns_ok PASSED [  1%]
tests/test_r006_health_monitor_if_true_regression.py::TestR006HealthCheckProbeBased::test_broker_probe_false_returns_critical PASSED [  1%]
tests/test_r006_health_monitor_if_true_regression.py::TestR006HealthCheckProbeBased::test_broker_probe_exception_returns_critical PASSED [  2%]
tests/test_r006_health_monitor_if_true_regression.py::TestR006HealthCheckProbeBased::test_broker_probe_none_returns_degraded PASSED [  3%]
tests/test_r006_health_monitor_if_true_regression.py::TestR006DataFeedProbeBased::test_data_feed_probe_success_returns_ok PASSED [  3%]
tests/test_r006_health_monitor_if_true_regression.py::TestR006DataFeedProbeBased::test_data_feed_probe_false_returns_warning PASSED [  4%]
tests/test_r006_health_monitor_if_true_regression.py::TestR006DataFeedProbeBased::test_data_feed_probe_exception_returns_warning PASSED [  5%]
tests/test_r006_health_monitor_if_true_regression.py::TestR006DataFeedProbeBased::test_data_feed_probe_none_returns_degraded PASSED [  5%]
tests/test_r006_health_monitor_if_true_regression.py::TestR006RiskSystemProbeBased::test_risk_system_probe_success_returns_ok PASSED [  6%]
tests/test_r006_health_monitor_if_true_regression.py::TestR006RiskSystemProbeBased::test_risk_system_probe_false_returns_critical PASSED [  7%]
tests/test_r006_health_monitor_if_true_regression.py::TestR006RiskSystemProbeBased::test_risk_system_probe_exception_returns_critical PASSED [  7%]
tests/test_r006_health_monitor_if_true_regression.py::TestR006RiskSystemProbeBased::test_risk_system_probe_none_returns_degraded PASSED [  8%]
tests/test_r006_health_monitor_if_true_regression.py::TestR006HealthMonitorInjection::test_health_monitor_accepts_probes PASSED [  8%]
tests/test_r006_health_monitor_if_true_regression.py::TestR006HealthMonitorInjection::test_health_monitor_probes_are_called PASSED [  9%]
tests/test_r006_health_monitor_if_true_regression.py::TestR006AggregateStatus::test_aggregate_status_all_ok PASSED [ 10%]
tests/test_r006_health_monitor_if_true_regression.py::TestR006AggregateStatus::test_aggregate_status_with_critical PASSED [ 10%]
tests/test_r006_health_monitor_if_true_regression.py::TestR006AggregateStatus::test_aggregate_status_no_false_ok_when_no_probes PASSED [ 11%]
tests/test_r006_health_monitor_if_true_regression.py::TestR006FailClosedBehavior::test_broker_false_is_not_masked_as_ok PASSED [ 12%]
tests/test_r006_health_monitor_if_true_regression.py::TestR006FailClosedBehavior::test_data_feed_false_is_not_masked_as_ok PASSED [ 12%]
tests/test_r006_health_monitor_if_true_regression.py::TestR006FailClosedBehavior::test_risk_system_false_is_not_masked_as_ok PASSED [ 13%]
tests/test_r006_health_monitor_if_true_regression.py::TestR006ProbeExceptionNotMasked::test_broker_exception_not_masked PASSED [ 14%]
tests/test_r006_health_monitor_if_true_regression.py::TestR006ProbeExceptionNotMasked::test_data_feed_exception_not_masked PASSED [ 14%]
tests/test_r006_health_monitor_if_true_regression.py::TestR006ProbeExceptionNotMasked::test_risk_system_exception_not_masked PASSED [ 15%]
tests/test_r006_health_monitor_if_true_regression.py::TestR006MemoryAndDiskStillWorking::test_memory_check_still_functional PASSED [ 15%]
tests/test_r006_health_monitor_if_true_regression.py::TestR006MemoryAndDiskStillWorking::test_disk_check_still_functional PASSED [ 16%]
tests/test_r006_health_monitor_if_true_regression.py::TestR006ReasonCodesPresent::test_broker_check_has_reason PASSED [ 17%]
tests/test_r006_health_monitor_if_true_regression.py::TestR006ReasonCodesPresent::test_data_feed_check_has_reason PASSED [ 17%]
tests/test_r006_health_monitor_if_true_regression.py::TestR006ReasonCodesPresent::test_risk_system_check_has_reason PASSED [ 18%]
tests/test_r6_health_circuit_failover.py::TestHealthCheck::test_health_check_structure PASSED [ 19%]
tests/test_r6_health_circuit_failover.py::TestHealthCheck::test_health_monitor_can_run_checks PASSED [ 19%]
tests/test_r6_health_circuit_failover.py::TestHealthCheck::test_health_monitor_aggregate_status PASSED [ 20%]
tests/test_r6_health_circuit_failover.py::TestCircuitBreaker::test_circuit_breaker_initial_state PASSED [ 21%]
tests/test_r6_health_circuit_failover.py::TestCircuitBreaker::test_circuit_breaker_opens_on_consecutive_losses PASSED [ 21%]
tests/test_r6_health_circuit_failover.py::TestCircuitBreaker::test_circuit_breaker_opens_on_daily_loss PASSED [ 22%]
tests/test_r6_health_circuit_failover.py::TestCircuitBreaker::test_circuit_breaker_get_status PASSED [ 22%]
tests/test_r6_health_circuit_failover.py::TestDegradationCenter::test_degradation_center_initial_state PASSED [ 23%]
tests/test_r6_health_circuit_failover.py::TestDegradationCenter::test_degradation_center_applies_pause_strategy PASSED [ 24%]
tests/test_r6_health_circuit_failover.py::TestDegradationCenter::test_degradation_center_can_restore PASSED [ 24%]
tests/test_r6_health_circuit_failover.py::TestIntegration::test_health_triggers_circuit_breaker PASSED [ 25%]
tests/test_r6_health_circuit_failover.py::TestIntegration::test_circuit_blocks_trigger_degradation PASSED [ 26%]
tests/test_server_v2_backend_execution_safety.py::TestOrderExecutionAllowedConstant::test_constant_exists_and_is_false PASSED [ 26%]
tests/test_server_v2_backend_execution_safety.py::TestOrderExecutionAllowedConstant::test_constant_reason_exists PASSED [ 27%]
tests/test_server_v2_backend_execution_safety.py::TestOrderExecutionAllowedConstant::test_get_state_includes_order_execution_allowed PASSED [ 28%]
tests/test_server_v2_backend_execution_safety.py::TestOrderExecutionAllowedConstant::test_get_state_still_has_ui_safety_disclaimer PASSED [ 28%]
tests/test_server_v2_backend_execution_safety.py::TestRiskOfficerCanTrade::test_can_trade_method_exists PASSED [ 29%]
tests/test_server_v2_backend_execution_safety.py::TestRiskOfficerCanTrade::test_can_trade_returns_false_when_order_execution_not_allowed PASSED [ 29%]
tests/test_server_v2_backend_execution_safety.py::TestRiskOfficerCanTrade::test_can_trade_returns_false_for_none_tick PASSED [ 30%]
tests/test_server_v2_backend_execution_safety.py::TestRiskOfficerCanTrade::test_can_trade_returns_false_for_empty_dict PASSED [ 31%]
tests/test_server_v2_backend_execution_safety.py::TestRiskOfficerCanTrade::test_can_trade_returns_false_when_price_missing PASSED [ 31%]
tests/test_server_v2_backend_execution_safety.py::TestRiskOfficerCanTrade::test_can_trade_returns_false_when_price_zero PASSED [ 32%]
tests/test_server_v2_backend_execution_safety.py::TestRiskOfficerCanTrade::test_can_trade_returns_false_when_symbol_missing PASSED [ 33%]
tests/test_server_v2_backend_execution_safety.py::TestRiskOfficerCanTrade::test_can_trade_returns_false_for_stale_tick PASSED [ 33%]
tests/test_server_v2_backend_execution_safety.py::TestRiskOfficerCanTrade::test_can_trade_does_not_raise_attribute_error PASSED [ 34%]
tests/test_server_v2_backend_execution_safety.py::TestExecutionEngineerPlaceBlocked::test_place_returns_blocked_when_order_execution_not_allowed PASSED [ 35%]
tests/test_server_v2_backend_execution_safety.py::TestExecutionEngineerPlaceBlocked::test_place_blocked_does_not_call_shioaji PASSED [ 35%]
tests/test_server_v2_backend_execution_safety.py::TestToggleModeBlocked::test_toggle_mode_to_live_returns_blocked_when_order_execution_not_allowed PASSED [ 36%]
tests/test_server_v2_backend_execution_safety.py::TestToggleModeBlocked::test_toggle_mode_returns_order_execution_allowed_reason_when_blocked PASSED [ 36%]
tests/test_server_v2_backend_execution_safety.py::TestToggleModeBlocked::test_toggle_mode_does_not_change_paper_trade_when_blocked PASSED [ 37%]
tests/test_server_v2_backend_execution_safety.py::TestSettingsAntiBypass::test_settings_cannot_disable_paper_trade_when_order_execution_not_allowed PASSED [ 38%]
tests/test_server_v2_backend_execution_safety.py::TestSettingsAntiBypass::test_settings_blocked_returns_reason PASSED [ 38%]
tests/test_server_v2_backend_execution_safety.py::TestSettingsAntiBypass::test_settings_can_still_update_auto_trade_without_bypass PASSED [ 39%]
tests/test_server_v2_backend_execution_safety.py::TestConnectShioajiStartupGate::test_connect_shioaji_does_not_call_login_when_order_execution_not_allowed PASSED [ 40%]
tests/test_server_v2_backend_execution_safety.py::TestConnectShioajiStartupGate::test_startup_code_does_not_bypass_shioaji_gate PASSED [ 40%]
tests/test_server_v2_backend_execution_safety.py::TestG1toG8Preserved::test_live_blocked_still_in_mode_endpoint PASSED [ 41%]
tests/test_server_v2_backend_execution_safety.py::TestG1toG8Preserved::test_ui_safety_disclaimer_present PASSED [ 42%]
tests/test_server_v2_backend_execution_safety.py::TestG1toG8Preserved::test_order_execution_allowed_false_in_api_state PASSED [ 42%]
tests/test_server_v2_backend_execution_safety.py::TestSafetyBoundaries::test_no_new_api_endpoint_for_execution PASSED [ 43%]
tests/test_server_v2_backend_execution_safety.py::TestSafetyBoundaries::test_server_v2_does_not_import_shioaji_at_top_level PASSED [ 43%]
tests/test_server_v2_backend_execution_safety.py::TestSafetyBoundaries::test_stop_robot_still_works PASSED [ 44%]
tests/test_pre_r049_local_website_visible_surface_gap_remediation.py::TestForceCloseButtonSafety::test_force_close_button_disabled_or_display_only PASSED [ 45%]
tests/test_pre_r049_local_website_visible_surface_gap_remediation.py::TestForceCloseButtonSafety::test_force_close_no_unsafe_ws_send PASSED [ 45%]
tests/test_pre_r049_local_website_visible_surface_gap_remediation.py::TestForceCloseButtonSafety::test_force_close_button_cannot_trigger_trade PASSED [ 46%]
tests/test_pre_r049_local_website_visible_surface_gap_remediation.py::TestOrderExecutionAllowedVisibility::test_api_state_has_order_execution_allowed_false PASSED [ 47%]
tests/test_pre_r049_local_website_visible_surface_gap_remediation.py::TestOrderExecutionAllowedVisibility::test_index_v2_shows_order_execution_allowed_status PASSED [ 47%]
tests/test_pre_r049_local_website_visible_surface_gap_remediation.py::TestOrderExecutionAllowedVisibility::test_order_execution_allowed_never_true_in_ui PASSED [ 48%]
tests/test_pre_r049_local_website_visible_surface_gap_remediation.py::TestLiveTransitionSafety::test_api_mode_live_blocked_flag PASSED [ 49%]
tests/test_pre_r049_local_website_visible_surface_gap_remediation.py::TestLiveTransitionSafety::test_api_mode_live_blocked_reason PASSED [ 49%]
tests/test_pre_r049_local_website_visible_surface_gap_remediation.py::TestLiveTransitionSafety::test_live_button_disabled_in_learning PASSED [ 50%]
tests/test_pre_r049_local_website_visible_surface_gap_remediation.py::TestUndefinedPlaceholderCleanup::test_no_literal_undefined_display PASSED [ 50%]
tests/test_pre_r049_local_website_visible_surface_gap_remediation.py::TestUndefinedPlaceholderCleanup::test_mode_fallback_not_undefined PASSED [ 51%]
tests/test_pre_r049_local_website_visible_surface_gap_remediation.py::TestUndefinedPlaceholderCleanup::test_mode_fallback_covers_all_modebtn2_paths PASSED [ 52%]
tests/test_pre_r049_local_website_visible_surface_gap_remediation.py::TestUndefinedPlaceholderCleanup::test_stale_copy_placeholder_awareness PASSED [ 52%]
tests/test_pre_r049_local_website_visible_surface_gap_remediation.py::TestUIGapStatusDisclosure::test_ui_gap_panel_exists PASSED [ 53%]
tests/test_pre_r049_local_website_visible_surface_gap_remediation.py::TestUIGapStatusDisclosure::test_r022_status_visible PASSED [ 54%]
tests/test_pre_r049_local_website_visible_surface_gap_remediation.py::TestUIGapStatusDisclosure::test_r023_status_visible PASSED [ 54%]
tests/test_pre_r049_local_website_visible_surface_gap_remediation.py::TestUIGapStatusDisclosure::test_r024_status_visible PASSED [ 55%]
tests/test_pre_r049_local_website_visible_surface_gap_remediation.py::TestUIGapStatusDisclosure::test_r025_status_visible PASSED [ 56%]
tests/test_pre_r049_local_website_visible_surface_gap_remediation.py::TestUIGapStatusDisclosure::test_r026_status_visible PASSED [ 56%]
tests/test_pre_r049_local_website_visible_surface_gap_remediation.py::TestUIGapStatusDisclosure::test_r029_status_visible PASSED [ 57%]
tests/test_pre_r049_local_website_visible_surface_gap_remediation.py::TestUIGapStatusDisclosure::test_r040_status_visible PASSED [ 57%]
tests/test_pre_r049_local_website_visible_surface_gap_remediation.py::TestUIGapStatusDisclosure::test_not_complete_disclaimer_visible PASSED [ 58%]
tests/test_pre_r049_local_website_visible_surface_gap_remediation.py::TestUIGapStatusDisclosure::test_r023_placeholder_scan_consistent PASSED [ 59%]
tests/test_pre_r049_local_website_visible_surface_gap_remediation.py::TestReadOnlyDisclaimer::test_read_only_banner_exists PASSED [ 59%]
tests/test_pre_r049_local_website_visible_surface_gap_remediation.py::TestReadOnlyDisclaimer::test_not_r049_ready_claim PASSED [ 60%]
tests/test_pre_r049_local_website_visible_surface_gap_remediation.py::TestReadOnlyDisclaimer::test_no_runtime_wired_false_claim PASSED [ 61%]
tests/test_pre_r049_local_website_visible_surface_gap_remediation.py::TestReadOnlyDisclaimer::test_no_broker_live_execution_enabled_claim PASSED [ 61%]
tests/test_pre_r049_local_website_visible_surface_gap_remediation.py::TestWebSocketDisconnectSafety::test_ws_disconnect_shows_offline_demo PASSED [ 62%]
tests/test_pre_r049_local_website_visible_surface_gap_remediation.py::TestWebSocketDisconnectSafety::test_ws_disconnect_not_affecting_trading_safety PASSED [ 63%]
tests/test_pre_r049_local_website_visible_surface_gap_remediation.py::TestNegativeTestsAndPollution::test_no_fake_r049_ready_claim PASSED [ 63%]
tests/test_pre_r049_local_website_visible_surface_gap_remediation.py::TestNegativeTestsAndPollution::test_no_r030_runtime_wired_claim PASSED [ 64%]
tests/test_pre_r049_local_website_visible_surface_gap_remediation.py::TestNegativeTestsAndPollution::test_no_buy_sell_controls PASSED [ 64%]
tests/test_pre_r049_local_website_visible_surface_gap_remediation.py::TestNegativeTestsAndPollution::test_no_broker_toggle PASSED [ 65%]
tests/test_pre_r049_local_website_visible_surface_gap_remediation.py::TestNegativeTestsAndPollution::test_no_new_dangerous_api_endpoint PASSED [ 66%]
tests/test_pre_r049_local_website_visible_surface_gap_remediation.py::TestNegativeTestsAndPollution::test_no_unsafe_post_in_html PASSED [ 66%]
tests/test_pre_r049_local_website_visible_surface_gap_remediation.py::TestFileModificationBoundary::test_server_py_not_modified PASSED [ 67%]
tests/test_pre_r049_local_website_visible_surface_gap_remediation.py::TestFileModificationBoundary::test_index_html_not_modified PASSED [ 68%]
tests/test_pre_r049_local_website_visible_surface_gap_remediation.py::TestFileModificationBoundary::test_modules_not_modified PASSED [ 68%]
tests/test_pre_r049_local_website_visible_surface_gap_remediation.py::TestFileModificationBoundary::test_env_not_modified PASSED [ 69%]
tests/test_pre_r049_local_website_visible_surface_gap_remediation.py::TestServerV2Safety::test_api_mode_safe_allowed_annotations PASSED [ 70%]
tests/test_pre_r049_local_website_visible_surface_gap_remediation.py::TestServerV2Safety::test_api_mode_safe_block_reason PASSED [ 70%]
tests/test_pre_r049_local_website_visible_surface_gap_remediation.py::TestServerV2Safety::test_order_execution_allowed_false_in_state PASSED [ 71%]
tests/test_pre_r049_local_website_visible_surface_gap_remediation.py::TestServerV2Safety::test_ui_safety_disclaimer_in_state PASSED [ 71%]
tests/test_pre_r049_local_website_visible_surface_gap_remediation.py::TestManifestGovernanceRegression::test_manifest_has_server_v2_in_forbidden_paths PASSED [ 72%]
tests/test_pre_r049_local_website_visible_surface_gap_remediation.py::TestManifestGovernanceRegression::test_manifest_has_index_v2_in_forbidden_paths PASSED [ 73%]
tests/test_pre_r049_local_website_visible_surface_gap_remediation.py::TestManifestGovernanceRegression::test_manifest_has_authorized_exceptions PASSED [ 73%]
tests/test_pre_r049_local_website_visible_surface_gap_remediation.py::TestManifestGovernanceRegression::test_server_v2_exception_is_round_scoped PASSED [ 74%]
tests/test_pre_r049_local_website_visible_surface_gap_remediation.py::TestManifestGovernanceRegression::test_index_v2_exception_is_round_scoped PASSED [ 75%]
tests/test_pre_r049_local_website_visible_surface_gap_remediation.py::TestManifestGovernanceRegression::test_exceptions_marked_not_for_future_rounds PASSED [ 75%]
tests/test_pre_r049_local_website_visible_surface_gap_remediation.py::TestManifestGovernanceRegression::test_no_permanent_forbidden_path_removal PASSED [ 76%]
tests/test_pre_r049_local_website_visible_surface_gap_remediation.py::TestStaleCopyHygiene::test_stale_copy_exists PASSED [ 77%]
tests/test_pre_r049_local_website_visible_surface_gap_remediation.py::TestStaleCopyHygiene::test_stale_copy_is_archived PASSED [ 77%]
tests/test_pre_r049_local_website_visible_surface_gap_remediation.py::TestStaleCopyHygiene::test_stale_copy_no_force_close_command PASSED [ 78%]
tests/test_pre_r049_local_website_visible_surface_gap_remediation.py::TestStaleCopyHygiene::test_stale_copy_no_modebtn2_controls PASSED [ 78%]
tests/test_pre_r049_local_website_visible_surface_gap_remediation.py::TestStaleCopyHygiene::test_stale_copy_no_undefined_display PASSED [ 79%]
tests/test_pre_r049_local_website_visible_surface_gap_remediation.py::TestStaleCopyHygiene::test_stale_copy_no_r049_claim PASSED [ 80%]
tests/test_pre_r049_local_website_visible_surface_gap_remediation.py::TestStaleCopyHygiene::test_stale_copy_no_r030_claim PASSED [ 80%]
tests/test_pre_r049_local_website_visible_surface_gap_remediation.py::TestStaleCopyHygiene::test_stale_copy_no_broker_live_controls PASSED [ 81%]
tests/test_pre_r049_local_website_visible_surface_gap_remediation.py::TestStaleCopyHygiene::test_stale_start_bat_no_longer_serves_unsafe_ui PASSED [ 82%]
tests/test_pre_r049_local_website_visible_surface_gap_remediation.py::TestStaleCopyHygiene::test_stale_copy_no_trading_controls PASSED [ 82%]
tests/test_pre_r049_local_website_visible_surface_gap_remediation.py::TestStaleCopyHygiene::test_stale_copy_refers_to_root_entry PASSED [ 83%]
tests/test_pre_r049_local_website_visible_surface_gap_remediation.py::TestLaw04EvidenceCompliance::test_evidence_json_exists PASSED [ 84%]
tests/test_pre_r049_local_website_visible_surface_gap_remediation.py::TestLaw04EvidenceCompliance::test_evidence_json_is_valid_json PASSED [ 84%]
tests/test_pre_r049_local_website_visible_surface_gap_remediation.py::TestLaw04EvidenceCompliance::test_evidence_json_has_law_compliance PASSED [ 85%]
tests/test_pre_r049_local_website_visible_surface_gap_remediation.py::TestLaw04EvidenceCompliance::test_evidence_json_law_compliance_is_04 PASSED [ 85%]
tests/test_ui_visible_gate_governance.py::TestUIVisibleGateEvidenceChecker::test_ui_round_without_visible_evidence_fails PASSED [ 86%]
tests/test_ui_visible_gate_governance.py::TestUIVisibleGateEvidenceChecker::test_ui_round_with_visible_evidence_passes PASSED [ 87%]
tests/test_ui_visible_gate_governance.py::TestUIVisibleGateEvidenceChecker::test_non_ui_round_skips_ui_gate PASSED [ 87%]
tests/test_ui_visible_gate_governance.py::TestUIVisibleGateEvidenceChecker::test_fake_feature_claim_detected_fails PASSED [ 88%]
tests/test_ui_visible_gate_governance.py::TestUIVisibleGateEvidenceChecker::test_trading_control_pollution_fails PASSED [ 89%]
tests/test_ui_visible_gate_governance.py::TestUIVisibleGateEvidenceChecker::test_contract_only_without_disclaimer_fails PASSED [ 89%]
tests/test_ui_visible_gate_governance.py::TestUIVisibleGateEvidenceChecker::test_contract_only_with_disclaimer_passes PASSED [ 90%]
tests/test_ui_visible_gate_governance.py::TestUIVisibleGateEvidenceChecker::test_order_execution_allowed_true_fails PASSED [ 91%]
tests/test_ui_visible_gate_governance.py::TestUIVisibleGateEvidenceChecker::test_ui_visible_gate_tests_must_pass PASSED [ 91%]
tests/test_ui_visible_gate_governance.py::TestUIVisibleGateEvidenceChecker::test_index_html_file_triggers_ui_gate PASSED [ 92%]
tests/test_ui_visible_gate_governance.py::TestUIVisibleGateEvidenceChecker::test_evidence_checker_integration_blocks_ui_without_gate PASSED [ 92%]
tests/test_ui_visible_gate_governance.py::TestUIVisibleGateEvidenceChecker::test_evidence_checker_integration_passes_with_gate PASSED [ 93%]
tests/test_ui_visible_gate_governance.py::TestUIVisibleGateEvidenceChecker::test_negative_test_missing_visible_evidence_must_fail PASSED [ 94%]
tests/test_ui_visible_gate_governance.py::TestUIVisibleGateEvidenceChecker::test_negative_test_mojibake_placeholder_must_fail PASSED [ 94%]
tests/test_ui_visible_gate_governance.py::TestUIVisibleGateEvidenceChecker::test_negative_test_broker_toggle_must_fail PASSED [ 95%]
tests/test_ui_visible_gate_governance.py::TestUIVisibleGateEvidenceChecker::test_no_new_api_endpoint_pollution PASSED [ 96%]
tests/test_ui_visible_gate_governance.py::TestUIVisibleGateEvidenceChecker::test_formal_04_law_compliance_required PASSED [ 96%]
tests/test_ui_visible_gate_governance.py::TestUIVisibleGateEvidenceChecker::test_governance_baseline_has_ui_gate_article PASSED [ 97%]
tests/test_ui_visible_gate_governance.py::TestUIVisibleGateEvidenceChecker::test_04_law_has_ui_gate_chapter PASSED [ 98%]
tests/test_ui_visible_gate_governance.py::TestUIVisibleGateEvidenceChecker::test_round_patch_mapping_has_ui_gate_group PASSED [ 98%]
tests/test_ui_visible_gate_governance.py::TestUIVisibleGateEvidenceChecker::test_evidence_checker_has_ui_gate_method PASSED [ 99%]
tests/test_ui_visible_gate_governance.py::TestUIVisibleGateEvidenceChecker::test_pre_push_has_ui_visible_gate_check PASSED [100%]

============================== warnings summary ===============================
tests/test_server_v2_backend_execution_safety.py::TestOrderExecutionAllowedConstant::test_constant_exists_and_is_false
  C:\Users\richa\OneDrive\桌面\stocktrade\server_v2.py:2381: DeprecationWarning: 
          on_event is deprecated, use lifespan event handlers instead.
  
          Read more about it in the
          [FastAPI docs for Lifespan Events](https://fastapi.tiangolo.com/advanced/events/).
          
    @app.on_event("startup")

tests/test_server_v2_backend_execution_safety.py::TestOrderExecutionAllowedConstant::test_constant_exists_and_is_false
  C:\Users\richa\AppData\Roaming\Python\Python314\site-packages\fastapi\applications.py:4598: DeprecationWarning: 
          on_event is deprecated, use lifespan event handlers instead.
  
          Read more about it in the
          [FastAPI docs for Lifespan Events](https://fastapi.tiangolo.com/advanced/events/).
          
    return self.router.on_event(event_type)  # ty: ignore[deprecated]

tests/test_ui_visible_gate_governance.py::TestUIVisibleGateEvidenceChecker::test_evidence_checker_integration_passes_with_gate
  C:\Users\richa\AppData\Roaming\Python\Python314\site-packages\_pytest\threadexception.py:58: PytestUnhandledThreadExceptionWarning: Exception in thread Thread-12 (_readerthread)
  
  Traceback (most recent call last):
    File "C:\Python314\Lib\threading.py", line 1082, in _bootstrap_inner
      self._context.run(self.run)
      ~~~~~~~~~~~~~~~~~^^^^^^^^^^
    File "C:\Python314\Lib\threading.py", line 1024, in run
      self._target(*self._args, **self._kwargs)
      ~~~~~~~~~~~~^^^^^^^^^^^^^^^^^^^^^^^^^^^^^
    File "C:\Python314\Lib\subprocess.py", line 1614, in _readerthread
      buffer.append(fh.read())
                    ~~~~~~~^^
  UnicodeDecodeError: 'cp950' codec can't decode byte 0x8c in position 154: illegal multibyte sequence
  
  Enable tracemalloc to get traceback where the object was allocated.
  See https://docs.pytest.org/en/stable/how-to/capture-warnings.html#resource-warnings for more info.
    warnings.warn(pytest.PytestUnhandledThreadExceptionWarning(msg))

-- Docs: https://docs.pytest.org/en/stable/how-to/capture-warnings.html
======================= 157 passed, 3 warnings in 2.45s =======================
